[debug] > Exec(early(addDefaultCommands), None, None)
[debug] > Exec(addDefaultCommands, None, None)
[debug] > Exec(early(initialize), None, None)
[debug] > Exec(initialize, None, None)
[debug] > Exec(boot, None, None)
[debug] > Exec(writeSbtVersion, None, None)
[debug] > Exec(reload, None, None)
[debug] > Exec(sbtStashOnFailure, None, None)
[debug] > Exec(onFailure loadFailed, None, None)
[debug] > Exec(loadp, None, None)
[info] welcome to sbt 1.9.7 (Oracle Corporation Java 11.0.21)
[debug] Load.defaultLoad until apply took 1088.588ms
[debug]           Load.loadUnit: plugins took 369.8971ms
[debug]           Load.loadUnit: defsScala took 0.5138ms
[debug] [Loading] Scanning directory E:\Question3-Abhishek Bansal\project
[debug] [Loading] Found non-root projects 
[debug] [Loading] Done in E:\Question3-Abhishek Bansal\project, returning: ()
[debug] deducing auto plugins based on known facts Set(Atom(sbt.plugins.CorePlugin)) and clauses Clauses(Clause(Atom(sbt.plugins.JvmPlugin),Set(Atom(sbt.plugins.IvyPlugin)))
[debug] Clause(Atom(sbt.ScriptedPlugin),Set(Atom(sbt.plugins.JvmPlugin)))
[debug] Clause(Atom(sbt.plugins.SbtPlugin),Set(Atom(sbt.ScriptedPlugin)))
[debug] Clause(Atom(sbt.plugins.SemanticdbPlugin),Set(Atom(sbt.plugins.JvmPlugin)))
[debug] Clause(Atom(sbt.plugins.JUnitXmlReportPlugin),Set(Atom(sbt.plugins.JvmPlugin)))
[debug] Clause(Atom(sbt.plugins.MiniDependencyTreePlugin),Set(Atom(sbt.plugins.JvmPlugin)))
[debug] Clause(Atom(sbt.plugins.CorePlugin),Set(Atom(sbt.plugins.IvyPlugin)))
[debug] Clause(Atom(sbt.plugins.IvyPlugin),Set(Atom(sbt.plugins.JvmPlugin)))
[debug] Clause(Atom(sbt.plugins.JvmPlugin),Set(Atom(sbt.plugins.SemanticdbPlugin)))
[debug] Clause(Atom(sbt.plugins.JvmPlugin),Set(Atom(sbt.plugins.JUnitXmlReportPlugin)))
[debug] Clause(Atom(sbt.plugins.CorePlugin),Set(Atom(sbt.plugins.Giter8TemplatePlugin)))
[debug] Clause(Atom(sbt.plugins.JvmPlugin),Set(Atom(sbt.plugins.MiniDependencyTreePlugin))))
[debug]   :: deduced result: Matched(sbt.plugins.CorePlugin,sbt.plugins.Giter8TemplatePlugin,sbt.plugins.IvyPlugin,sbt.plugins.JvmPlugin,sbt.plugins.MiniDependencyTreePlugin,sbt.plugins.JUnitXmlReportPlugin,sbt.plugins.SemanticdbPlugin)
[debug] Plugins.deducer#function took 48.7728 ms
[debug]               Load.resolveProject(question3-abhishek-bansal-build) took 127.811ms
[debug]             Load.loadTransitive: finalizeProject(Project(id question3-abhishek-bansal-build, base: E:\Question3-Abhishek Bansal\project, plugins: List(<none>))) took 224.6205ms
[debug] [Loading] Done in E:\Question3-Abhishek Bansal\project, returning: (question3-abhishek-bansal-build)
[debug]           Load.loadUnit: loadedProjectsRaw took 263.792ms
[debug]           Load.loadUnit: cleanEvalClasses took 0.5014ms
[debug]         Load.loadUnit(file:/E:/Question3-Abhishek%20Bansal/project/, ...) took 646.0695ms
[debug]       Load.apply: load took 1186.9137ms
[debug]       Load.apply: resolveProjects took 11.7019ms
[debug]       Load.apply: finalTransforms took 107.3892ms
[debug]       Load.apply: config.delegates took 13.041ms
[debug]       Load.apply: Def.make(settings)... took 945.5076ms
[debug]       Load.apply: structureIndex took 199.1316ms
[debug]       Load.apply: mkStreams took 2.6109ms
[info] loading project definition from E:\Question3-Abhishek Bansal\project
[debug] Running task... Cancel: Signal, check cycles: false, forcegc: true
[debug]     Load.loadUnit: plugins took 7935.1496ms
[debug]     Load.loadUnit: defsScala took 0.0058ms
[debug] [Loading] Scanning directory E:\Question3-Abhishek Bansal
[debug]       Load.loadUnit: mkEval took 10.6514ms
[debug] [Loading] Found root project root w/ remaining 
[debug] deducing auto plugins based on known facts Set(Atom(sbt.plugins.CorePlugin)) and clauses Clauses(Clause(Atom(sbt.plugins.JvmPlugin),Set(Atom(sbt.plugins.IvyPlugin)))
[debug] Clause(Atom(sbt.ScriptedPlugin),Set(Atom(sbt.plugins.JvmPlugin)))
[debug] Clause(Atom(sbt.plugins.SbtPlugin),Set(Atom(sbt.ScriptedPlugin)))
[debug] Clause(Atom(sbt.plugins.SemanticdbPlugin),Set(Atom(sbt.plugins.JvmPlugin)))
[debug] Clause(Atom(sbt.plugins.JUnitXmlReportPlugin),Set(Atom(sbt.plugins.JvmPlugin)))
[debug] Clause(Atom(sbt.plugins.MiniDependencyTreePlugin),Set(Atom(sbt.plugins.JvmPlugin)))
[debug] Clause(Atom(sbt.plugins.CorePlugin),Set(Atom(sbt.plugins.IvyPlugin)))
[debug] Clause(Atom(sbt.plugins.IvyPlugin),Set(Atom(sbt.plugins.JvmPlugin)))
[debug] Clause(Atom(sbt.plugins.JvmPlugin),Set(Atom(sbt.plugins.SemanticdbPlugin)))
[debug] Clause(Atom(sbt.plugins.JvmPlugin),Set(Atom(sbt.plugins.JUnitXmlReportPlugin)))
[debug] Clause(Atom(sbt.plugins.CorePlugin),Set(Atom(sbt.plugins.Giter8TemplatePlugin)))
[debug] Clause(Atom(sbt.plugins.JvmPlugin),Set(Atom(sbt.plugins.MiniDependencyTreePlugin))))
[debug]   :: deduced result: Matched(sbt.plugins.CorePlugin,sbt.plugins.Giter8TemplatePlugin,sbt.plugins.IvyPlugin,sbt.plugins.JvmPlugin,sbt.plugins.MiniDependencyTreePlugin,sbt.plugins.JUnitXmlReportPlugin,sbt.plugins.SemanticdbPlugin)
[debug] Plugins.deducer#function took 6.508 ms
[info] loading settings for project root from build.sbt ...
[debug]         Load.resolveProject(root) took 34.2857ms
[debug]       Load.loadTransitive: finalizeProject(Project(id root, base: E:\Question3-Abhishek Bansal, plugins: List(<none>))) took 43.343ms
[debug] [Loading] Done in E:\Question3-Abhishek Bansal, returning: (root)
[debug]     Load.loadUnit: loadedProjectsRaw took 13301.0589ms
[debug]     Load.loadUnit: cleanEvalClasses took 15.1552ms
[debug]   Load.loadUnit(file:/E:/Question3-Abhishek%20Bansal/, ...) took 21253.4471ms
[debug] Load.apply: load took 21379.423ms
[debug] Load.apply: resolveProjects took 0.2251ms
[debug] Load.apply: finalTransforms took 35.6105ms
[debug] Load.apply: config.delegates took 0.4755ms
[debug] Load.apply: Def.make(settings)... took 558.0365ms
[debug] Load.apply: structureIndex took 224.2215ms
[debug] Load.apply: mkStreams took 0.0029ms
[info] set current project to Question3-Abhishek Bansal (in build file:/E:/Question3-Abhishek%20Bansal/)
[debug] > Exec(sbtPopOnFailure, None, None)
[debug] > Exec(resumeFromFailure, None, None)
[debug] > Exec(notifyUsersAboutShell, None, None)
[debug] > Exec(iflast shell, None, None)
[debug] > Exec(shell, None, None)
[info] sbt server started at local:sbt-server-ec838cccade4a702e577
[debug] Writing bsp connection file
[info] started sbt server
